2025-03-25 20:49:57,735 - INFO - ✅ Prestandadiagram genererat.
2025-03-25 20:49:57,797 - ERROR - ❌ Fel vid skapande av PDF-rapport: Not enough horizontal space to render a single character
2025-03-25 20:51:48,110 - INFO - ✅ Prestandadiagram genererat.
2025-03-25 20:51:48,171 - ERROR - ❌ Fel vid skapande av PDF-rapport: Not enough horizontal space to render a single character
2025-03-25 20:53:26,856 - INFO - ✅ Prestandadiagram genererat.
2025-03-25 20:53:26,917 - ERROR - ❌ Fel vid skapande av PDF-rapport: Not enough horizontal space to render a single character
2025-03-25 20:55:39,413 - INFO - ✅ Prestandadiagram genererat.
2025-03-25 20:55:39,475 - ERROR - ❌ Fel vid skapande av PDF-rapport: Not enough horizontal space to render a single character
2025-03-25 20:57:41,328 - INFO - ✅ Prestandadiagram genererat.
2025-03-25 20:57:41,389 - ERROR - ❌ Fel vid skapande av PDF-rapport: Not enough horizontal space to render a single character
2025-03-25 20:59:57,011 - INFO - ✅ Prestandadiagram genererat.
2025-03-25 21:00:01,862 - INFO - ✅ PDF-rapport genererad: reports/daily_report_2025-03-25.pdf
2025-03-25 21:23:54,267 - ERROR - ❌ Fel vid skapande av PDF-rapport: 'dict' object has no attribute 'empty'
2025-03-26 19:47:04,235 - ERROR - ❌ Fel vid skapande av PDF-rapport: 'dict' object has no attribute 'empty'
2025-03-26 20:27:40,669 - INFO - ✅ Prestandadiagram genererat.
2025-03-26 20:27:46,609 - ERROR - ❌ Fel vid skapande av PDF-rapport: Undefined font: dejavuI - Use built-in fonts or FPDF.add_font() beforehand
2025-03-26 20:34:29,286 - ERROR - ❌ Fel vid skapande av PDF-rapport: TTF Font file not found: /home/rlundkvist87/ai_trading_bot/reports/DejaVuSans-Oblique.ttf
2025-03-26 20:55:20,134 - INFO - ✅ Prestandadiagram genererat.
2025-03-26 20:55:27,461 - INFO - ✅ PDF-rapport genererad: reports/daily_report_2025-03-26.pdf
2025-03-26 20:56:07,199 - INFO - ✅ Prestandadiagram genererat.
2025-03-26 20:56:12,482 - INFO - ✅ PDF-rapport genererad: reports/daily_report_2025-03-26.pdf
2025-03-26 21:05:55,407 - INFO - ✅ PDF-rapport genererad: reports/daily_report_2025-03-26.pdf
2025-03-26 21:10:01,890 - INFO - ✅ PDF-rapport genererad: reports/daily_report_2025-03-26.pdf
2025-03-26 21:59:07,643 - INFO - ✅ PDF-rapport genererad: reports/daily_report_2025-03-26.pdf
2025-03-26 22:05:32,989 - INFO - ✅ PDF-rapport genererad: reports/daily_report_2025-03-26.pdf
2025-03-26 22:23:57,452 - INFO - ✅ PDF-rapport genererad: reports/daily_report_2025-03-26.pdf
2025-03-26 22:29:56,321 - INFO - ✅ PDF-rapport genererad: reports/daily_report_2025-03-26.pdf
2025-03-26 22:32:17,656 - INFO - ✅ PDF-rapport genererad: reports/daily_report_2025-03-26.pdf
2025-03-26 22:35:39,931 - INFO - ✅ PDF-rapport genererad: reports/daily_report_2025-03-26.pdf
2025-03-26 22:40:43,856 - INFO - ✅ PDF-rapport genererad: reports/daily_report_2025-03-26.pdf
2025-03-27 19:37:50,822 - INFO - ✅ PDF-rapport genererad: reports/daily_report_2025-03-27.pdf
